{"C:\\Users\\Nikita\\Desktop\\SCE_FullStack_Project_Course\\sce_fullstack_2024\\src\\App.ts": {"path":"C:\\Users\\Nikita\\Desktop\\SCE_FullStack_Project_Course\\sce_fullstack_2024\\src\\App.ts","statementMap":{"0":{"start":{"line":1,"column":0},"end":{"line":1,"column":42}},"1":{"start":{"line":2,"column":12},"end":{"line":2,"column":21}},"2":{"start":{"line":3,"column":0},"end":{"line":3,"column":28}},"3":{"start":{"line":4,"column":0},"end":{"line":4,"column":16}},"4":{"start":{"line":5,"column":0},"end":{"line":5,"column":32}},"5":{"start":{"line":6,"column":0},"end":{"line":6,"column":44}},"6":{"start":{"line":7,"column":0},"end":{"line":7,"column":44}},"7":{"start":{"line":8,"column":0},"end":{"line":8,"column":37}},"8":{"start":{"line":9,"column":0},"end":{"line":9,"column":44}},"9":{"start":{"line":10,"column":0},"end":{"line":10,"column":44}},"10":{"start":{"line":12,"column":16},"end":{"line":30,"column":1}},"11":{"start":{"line":13,"column":18},"end":{"line":28,"column":4}},"12":{"start":{"line":14,"column":15},"end":{"line":14,"column":34}},"13":{"start":{"line":15,"column":4},"end":{"line":15,"column":46}},"14":{"start":{"line":15,"column":28},"end":{"line":15,"column":44}},"15":{"start":{"line":16,"column":4},"end":{"line":16,"column":61}},"16":{"start":{"line":16,"column":26},"end":{"line":16,"column":59}},"17":{"start":{"line":17,"column":4},"end":{"line":26,"column":7}},"18":{"start":{"line":18,"column":6},"end":{"line":18,"column":33}},"19":{"start":{"line":19,"column":6},"end":{"line":19,"column":57}},"20":{"start":{"line":20,"column":6},"end":{"line":20,"column":null}},"21":{"start":{"line":21,"column":6},"end":{"line":21,"column":34}},"22":{"start":{"line":22,"column":6},"end":{"line":22,"column":34}},"23":{"start":{"line":23,"column":6},"end":{"line":23,"column":34}},"24":{"start":{"line":24,"column":6},"end":{"line":24,"column":34}},"25":{"start":{"line":25,"column":6},"end":{"line":25,"column":19}},"26":{"start":{"line":29,"column":2},"end":{"line":29,"column":17}},"27":{"start":{"line":34,"column":0},"end":{"line":34,"column":23}}},"fnMap":{"0":{"name":"(anonymous_1)","decl":{"start":{"line":12,"column":16},"end":{"line":12,"column":19}},"loc":{"start":{"line":12,"column":21},"end":{"line":30,"column":1}}},"1":{"name":"(anonymous_2)","decl":{"start":{"line":13,"column":39},"end":{"line":13,"column":40}},"loc":{"start":{"line":13,"column":51},"end":{"line":28,"column":3}}},"2":{"name":"(anonymous_3)","decl":{"start":{"line":15,"column":19},"end":{"line":15,"column":20}},"loc":{"start":{"line":15,"column":28},"end":{"line":15,"column":44}}},"3":{"name":"(anonymous_4)","decl":{"start":{"line":16,"column":20},"end":{"line":16,"column":23}},"loc":{"start":{"line":16,"column":26},"end":{"line":16,"column":59}}},"4":{"name":"(anonymous_5)","decl":{"start":{"line":17,"column":52},"end":{"line":17,"column":55}},"loc":{"start":{"line":17,"column":57},"end":{"line":26,"column":5}}}},"branchMap":{},"s":{"0":4,"1":4,"2":4,"3":4,"4":4,"5":4,"6":4,"7":4,"8":4,"9":4,"10":4,"11":4,"12":4,"13":4,"14":0,"15":4,"16":4,"17":4,"18":4,"19":4,"20":4,"21":4,"22":4,"23":4,"24":4,"25":4,"26":4,"27":4},"f":{"0":4,"1":4,"2":0,"3":4,"4":4},"b":{}}
,"C:\\Users\\Nikita\\Desktop\\SCE_FullStack_Project_Course\\sce_fullstack_2024\\src\\common\\auth_middleware.ts": {"path":"C:\\Users\\Nikita\\Desktop\\SCE_FullStack_Project_Course\\sce_fullstack_2024\\src\\common\\auth_middleware.ts","statementMap":{"0":{"start":{"line":2,"column":0},"end":{"line":2,"column":30}},"1":{"start":{"line":4,"column":23},"end":{"line":21,"column":null}},"2":{"start":{"line":4,"column":80},"end":{"line":21,"column":null}},"3":{"start":{"line":6,"column":4},"end":{"line":6,"column":null}},"4":{"start":{"line":8,"column":23},"end":{"line":8,"column":51}},"5":{"start":{"line":9,"column":18},"end":{"line":9,"column":56}},"6":{"start":{"line":10,"column":4},"end":{"line":13,"column":5}},"7":{"start":{"line":12,"column":8},"end":{"line":12,"column":53}},"8":{"start":{"line":14,"column":4},"end":{"line":20,"column":7}},"9":{"start":{"line":15,"column":8},"end":{"line":17,"column":9}},"10":{"start":{"line":16,"column":12},"end":{"line":16,"column":57}},"11":{"start":{"line":18,"column":8},"end":{"line":18,"column":29}},"12":{"start":{"line":19,"column":8},"end":{"line":19,"column":null}},"13":{"start":{"line":23,"column":0},"end":{"line":23,"column":null}}},"fnMap":{"0":{"name":"(anonymous_8)","decl":{"start":{"line":4,"column":23},"end":{"line":4,"column":29}},"loc":{"start":{"line":4,"column":80},"end":{"line":21,"column":null}}},"1":{"name":"(anonymous_9)","decl":{"start":{"line":4,"column":80},"end":{"line":4,"column":null}},"loc":{"start":{"line":4,"column":80},"end":{"line":21,"column":1}}},"2":{"name":"(anonymous_10)","decl":{"start":{"line":14,"column":48},"end":{"line":14,"column":49}},"loc":{"start":{"line":14,"column":62},"end":{"line":20,"column":5}}}},"branchMap":{"0":{"loc":{"start":{"line":9,"column":18},"end":{"line":9,"column":56}},"type":"binary-expr","locations":[{"start":{"line":9,"column":18},"end":{"line":9,"column":28}},{"start":{"line":9,"column":32},"end":{"line":9,"column":56}}]},"1":{"loc":{"start":{"line":10,"column":4},"end":{"line":13,"column":5}},"type":"if","locations":[{"start":{"line":10,"column":4},"end":{"line":13,"column":5}}]},"2":{"loc":{"start":{"line":15,"column":8},"end":{"line":17,"column":9}},"type":"if","locations":[{"start":{"line":15,"column":8},"end":{"line":17,"column":9}}]}},"s":{"0":4,"1":4,"2":15,"3":15,"4":15,"5":15,"6":15,"7":0,"8":15,"9":15,"10":3,"11":12,"12":12,"13":4},"f":{"0":15,"1":15,"2":15},"b":{"0":[15,15],"1":[0],"2":[3]}}
,"C:\\Users\\Nikita\\Desktop\\SCE_FullStack_Project_Course\\sce_fullstack_2024\\src\\controllers\\auth_controller.ts": {"path":"C:\\Users\\Nikita\\Desktop\\SCE_FullStack_Project_Course\\sce_fullstack_2024\\src\\controllers\\auth_controller.ts","statementMap":{"0":{"start":{"line":2,"column":0},"end":{"line":2,"column":39}},"1":{"start":{"line":3,"column":0},"end":{"line":3,"column":27}},"2":{"start":{"line":4,"column":0},"end":{"line":4,"column":30}},"3":{"start":{"line":5,"column":17},"end":{"line":37,"column":null}},"4":{"start":{"line":5,"column":55},"end":{"line":37,"column":null}},"5":{"start":{"line":7,"column":4},"end":{"line":7,"column":null}},"6":{"start":{"line":8,"column":18},"end":{"line":8,"column":32}},"7":{"start":{"line":9,"column":17},"end":{"line":9,"column":30}},"8":{"start":{"line":10,"column":16},"end":{"line":10,"column":28}},"9":{"start":{"line":11,"column":19},"end":{"line":11,"column":34}},"10":{"start":{"line":12,"column":21},"end":{"line":12,"column":38}},"11":{"start":{"line":13,"column":4},"end":{"line":16,"column":5}},"12":{"start":{"line":15,"column":8},"end":{"line":15,"column":null}},"13":{"start":{"line":17,"column":4},"end":{"line":36,"column":5}},"14":{"start":{"line":18,"column":21},"end":{"line":18,"column":55}},"15":{"start":{"line":19,"column":8},"end":{"line":22,"column":9}},"16":{"start":{"line":21,"column":12},"end":{"line":21,"column":null}},"17":{"start":{"line":23,"column":21},"end":{"line":23,"column":45}},"18":{"start":{"line":24,"column":31},"end":{"line":24,"column":64}},"19":{"start":{"line":25,"column":24},"end":{"line":31,"column":10}},"20":{"start":{"line":32,"column":8},"end":{"line":32,"column":null}},"21":{"start":{"line":34,"column":8},"end":{"line":34,"column":null}},"22":{"start":{"line":35,"column":8},"end":{"line":35,"column":null}},"23":{"start":{"line":39,"column":23},"end":{"line":46,"column":1}},"24":{"start":{"line":40,"column":18},"end":{"line":40,"column":110}},"25":{"start":{"line":41,"column":25},"end":{"line":41,"column":82}},"26":{"start":{"line":42,"column":4},"end":{"line":45,"column":null}},"27":{"start":{"line":48,"column":14},"end":{"line":81,"column":null}},"28":{"start":{"line":48,"column":52},"end":{"line":81,"column":null}},"29":{"start":{"line":50,"column":18},"end":{"line":50,"column":32}},"30":{"start":{"line":51,"column":21},"end":{"line":51,"column":38}},"31":{"start":{"line":52,"column":4},"end":{"line":55,"column":5}},"32":{"start":{"line":54,"column":8},"end":{"line":54,"column":null}},"33":{"start":{"line":58,"column":4},"end":{"line":80,"column":5}},"34":{"start":{"line":59,"column":21},"end":{"line":59,"column":55}},"35":{"start":{"line":60,"column":8},"end":{"line":63,"column":9}},"36":{"start":{"line":62,"column":12},"end":{"line":62,"column":null}},"37":{"start":{"line":64,"column":30},"end":{"line":64,"column":69}},"38":{"start":{"line":65,"column":8},"end":{"line":68,"column":9}},"39":{"start":{"line":67,"column":12},"end":{"line":67,"column":null}},"40":{"start":{"line":69,"column":44},"end":{"line":69,"column":79}},"41":{"start":{"line":70,"column":8},"end":{"line":74,"column":9}},"42":{"start":{"line":71,"column":12},"end":{"line":71,"column":null}},"43":{"start":{"line":73,"column":12},"end":{"line":73,"column":54}},"44":{"start":{"line":75,"column":8},"end":{"line":75,"column":null}},"45":{"start":{"line":76,"column":8},"end":{"line":76,"column":null}},"46":{"start":{"line":78,"column":8},"end":{"line":78,"column":null}},"47":{"start":{"line":79,"column":8},"end":{"line":79,"column":null}},"48":{"start":{"line":83,"column":15},"end":{"line":86,"column":1}},"49":{"start":{"line":85,"column":4},"end":{"line":85,"column":null}},"50":{"start":{"line":88,"column":16},"end":{"line":130,"column":null}},"51":{"start":{"line":88,"column":54},"end":{"line":130,"column":null}},"52":{"start":{"line":91,"column":23},"end":{"line":91,"column":51}},"53":{"start":{"line":92,"column":28},"end":{"line":92,"column":66}},"54":{"start":{"line":93,"column":4},"end":{"line":96,"column":5}},"55":{"start":{"line":95,"column":8},"end":{"line":95,"column":53}},"56":{"start":{"line":98,"column":4},"end":{"line":125,"column":7}},"57":{"start":{"line":98,"column":104},"end":{"line":125,"column":6}},"58":{"start":{"line":99,"column":8},"end":{"line":101,"column":9}},"59":{"start":{"line":100,"column":12},"end":{"line":100,"column":57}},"60":{"start":{"line":102,"column":8},"end":{"line":124,"column":9}},"61":{"start":{"line":103,"column":25},"end":{"line":103,"column":58}},"62":{"start":{"line":104,"column":12},"end":{"line":110,"column":13}},"63":{"start":{"line":105,"column":16},"end":{"line":108,"column":17}},"64":{"start":{"line":106,"column":20},"end":{"line":106,"column":37}},"65":{"start":{"line":107,"column":20},"end":{"line":107,"column":38}},"66":{"start":{"line":109,"column":16},"end":{"line":109,"column":61}},"67":{"start":{"line":112,"column":48},"end":{"line":112,"column":83}},"68":{"start":{"line":115,"column":12},"end":{"line":115,"column":81}},"69":{"start":{"line":115,"column":54},"end":{"line":115,"column":79}},"70":{"start":{"line":116,"column":12},"end":{"line":116,"column":null}},"71":{"start":{"line":117,"column":12},"end":{"line":117,"column":null}},"72":{"start":{"line":120,"column":12},"end":{"line":120,"column":null}},"73":{"start":{"line":122,"column":12},"end":{"line":122,"column":31}},"74":{"start":{"line":123,"column":12},"end":{"line":123,"column":null}},"75":{"start":{"line":132,"column":0},"end":{"line":137,"column":null}}},"fnMap":{"0":{"name":"(anonymous_8)","decl":{"start":{"line":5,"column":17},"end":{"line":5,"column":24}},"loc":{"start":{"line":5,"column":55},"end":{"line":37,"column":null}}},"1":{"name":"(anonymous_9)","decl":{"start":{"line":5,"column":55},"end":{"line":5,"column":null}},"loc":{"start":{"line":5,"column":55},"end":{"line":37,"column":1}}},"2":{"name":"(anonymous_10)","decl":{"start":{"line":39,"column":23},"end":{"line":39,"column":24}},"loc":{"start":{"line":39,"column":86},"end":{"line":46,"column":1}}},"3":{"name":"(anonymous_11)","decl":{"start":{"line":48,"column":14},"end":{"line":48,"column":21}},"loc":{"start":{"line":48,"column":52},"end":{"line":81,"column":null}}},"4":{"name":"(anonymous_12)","decl":{"start":{"line":48,"column":52},"end":{"line":48,"column":null}},"loc":{"start":{"line":48,"column":52},"end":{"line":81,"column":1}}},"5":{"name":"(anonymous_13)","decl":{"start":{"line":83,"column":15},"end":{"line":83,"column":16}},"loc":{"start":{"line":83,"column":47},"end":{"line":86,"column":1}}},"6":{"name":"(anonymous_14)","decl":{"start":{"line":88,"column":16},"end":{"line":88,"column":23}},"loc":{"start":{"line":88,"column":54},"end":{"line":130,"column":null}}},"7":{"name":"(anonymous_15)","decl":{"start":{"line":88,"column":54},"end":{"line":88,"column":null}},"loc":{"start":{"line":88,"column":54},"end":{"line":130,"column":1}}},"8":{"name":"(anonymous_16)","decl":{"start":{"line":98,"column":66},"end":{"line":98,"column":72}},"loc":{"start":{"line":98,"column":104},"end":{"line":125,"column":6}}},"9":{"name":"(anonymous_17)","decl":{"start":{"line":98,"column":104},"end":{"line":98,"column":null}},"loc":{"start":{"line":98,"column":104},"end":{"line":125,"column":5}}},"10":{"name":"(anonymous_18)","decl":{"start":{"line":115,"column":45},"end":{"line":115,"column":50}},"loc":{"start":{"line":115,"column":54},"end":{"line":115,"column":79}}}},"branchMap":{"0":{"loc":{"start":{"line":13,"column":4},"end":{"line":16,"column":5}},"type":"if","locations":[{"start":{"line":13,"column":4},"end":{"line":16,"column":5}}]},"1":{"loc":{"start":{"line":13,"column":7},"end":{"line":13,"column":40}},"type":"binary-expr","locations":[{"start":{"line":13,"column":7},"end":{"line":13,"column":20}},{"start":{"line":13,"column":24},"end":{"line":13,"column":40}}]},"2":{"loc":{"start":{"line":19,"column":8},"end":{"line":22,"column":9}},"type":"if","locations":[{"start":{"line":19,"column":8},"end":{"line":22,"column":9}}]},"3":{"loc":{"start":{"line":52,"column":4},"end":{"line":55,"column":5}},"type":"if","locations":[{"start":{"line":52,"column":4},"end":{"line":55,"column":5}}]},"4":{"loc":{"start":{"line":52,"column":7},"end":{"line":52,"column":40}},"type":"binary-expr","locations":[{"start":{"line":52,"column":7},"end":{"line":52,"column":20}},{"start":{"line":52,"column":24},"end":{"line":52,"column":40}}]},"5":{"loc":{"start":{"line":60,"column":8},"end":{"line":63,"column":9}},"type":"if","locations":[{"start":{"line":60,"column":8},"end":{"line":63,"column":9}}]},"6":{"loc":{"start":{"line":65,"column":8},"end":{"line":68,"column":9}},"type":"if","locations":[{"start":{"line":65,"column":8},"end":{"line":68,"column":9}}]},"7":{"loc":{"start":{"line":70,"column":8},"end":{"line":74,"column":9}},"type":"if","locations":[{"start":{"line":70,"column":8},"end":{"line":74,"column":9}},{"start":{"line":72,"column":14},"end":{"line":74,"column":9}}]},"8":{"loc":{"start":{"line":92,"column":28},"end":{"line":92,"column":66}},"type":"binary-expr","locations":[{"start":{"line":92,"column":28},"end":{"line":92,"column":38}},{"start":{"line":92,"column":42},"end":{"line":92,"column":66}}]},"9":{"loc":{"start":{"line":93,"column":4},"end":{"line":96,"column":5}},"type":"if","locations":[{"start":{"line":93,"column":4},"end":{"line":96,"column":5}}]},"10":{"loc":{"start":{"line":99,"column":8},"end":{"line":101,"column":9}},"type":"if","locations":[{"start":{"line":99,"column":8},"end":{"line":101,"column":9}}]},"11":{"loc":{"start":{"line":104,"column":12},"end":{"line":110,"column":13}},"type":"if","locations":[{"start":{"line":104,"column":12},"end":{"line":110,"column":13}}]},"12":{"loc":{"start":{"line":104,"column":16},"end":{"line":104,"column":93}},"type":"binary-expr","locations":[{"start":{"line":104,"column":16},"end":{"line":104,"column":28}},{"start":{"line":104,"column":32},"end":{"line":104,"column":51}},{"start":{"line":104,"column":55},"end":{"line":104,"column":93}}]},"13":{"loc":{"start":{"line":105,"column":16},"end":{"line":108,"column":17}},"type":"if","locations":[{"start":{"line":105,"column":16},"end":{"line":108,"column":17}}]}},"s":{"0":4,"1":4,"2":4,"3":4,"4":3,"5":3,"6":3,"7":3,"8":3,"9":3,"10":3,"11":3,"12":0,"13":3,"14":3,"15":3,"16":1,"17":2,"18":2,"19":2,"20":2,"21":0,"22":0,"23":4,"24":5,"25":5,"26":5,"27":4,"28":4,"29":4,"30":4,"31":4,"32":0,"33":4,"34":4,"35":4,"36":0,"37":4,"38":4,"39":0,"40":4,"41":4,"42":0,"43":4,"44":4,"45":4,"46":0,"47":0,"48":4,"49":0,"50":4,"51":3,"52":3,"53":3,"54":3,"55":0,"56":3,"57":3,"58":3,"59":0,"60":3,"61":3,"62":3,"63":2,"64":2,"65":2,"66":2,"67":1,"68":1,"69":2,"70":1,"71":1,"72":1,"73":0,"74":0,"75":4},"f":{"0":3,"1":3,"2":5,"3":4,"4":4,"5":0,"6":3,"7":3,"8":3,"9":3,"10":2},"b":{"0":[0],"1":[3,3],"2":[1],"3":[0],"4":[4,4],"5":[0],"6":[0],"7":[0,4],"8":[3,3],"9":[0],"10":[0],"11":[2],"12":[3,3,3],"13":[2]}}
,"C:\\Users\\Nikita\\Desktop\\SCE_FullStack_Project_Course\\sce_fullstack_2024\\src\\controllers\\base_controller.ts": {"path":"C:\\Users\\Nikita\\Desktop\\SCE_FullStack_Project_Course\\sce_fullstack_2024\\src\\controllers\\base_controller.ts","statementMap":{"0":{"start":{"line":7,"column":8},"end":{"line":7,"column":null}},"1":{"start":{"line":11,"column":8},"end":{"line":11,"column":27}},"2":{"start":{"line":12,"column":8},"end":{"line":23,"column":9}},"3":{"start":{"line":13,"column":10},"end":{"line":19,"column":11}},"4":{"start":{"line":14,"column":25},"end":{"line":14,"column":76}},"5":{"start":{"line":15,"column":12},"end":{"line":15,"column":46}},"6":{"start":{"line":17,"column":25},"end":{"line":17,"column":52}},"7":{"start":{"line":18,"column":12},"end":{"line":18,"column":46}},"8":{"start":{"line":21,"column":10},"end":{"line":21,"column":29}},"9":{"start":{"line":22,"column":10},"end":{"line":22,"column":46}},"10":{"start":{"line":27,"column":8},"end":{"line":27,"column":32}},"11":{"start":{"line":28,"column":8},"end":{"line":34,"column":9}},"12":{"start":{"line":29,"column":23},"end":{"line":29,"column":67}},"13":{"start":{"line":30,"column":10},"end":{"line":30,"column":44}},"14":{"start":{"line":32,"column":10},"end":{"line":32,"column":29}},"15":{"start":{"line":33,"column":10},"end":{"line":33,"column":46}},"16":{"start":{"line":38,"column":8},"end":{"line":38,"column":37}},"17":{"start":{"line":39,"column":8},"end":{"line":45,"column":9}},"18":{"start":{"line":40,"column":23},"end":{"line":40,"column":60}},"19":{"start":{"line":41,"column":10},"end":{"line":41,"column":37}},"20":{"start":{"line":43,"column":10},"end":{"line":43,"column":29}},"21":{"start":{"line":44,"column":10},"end":{"line":44,"column":46}},"22":{"start":{"line":50,"column":8},"end":{"line":56,"column":9}},"23":{"start":{"line":51,"column":10},"end":{"line":51,"column":null}},"24":{"start":{"line":52,"column":10},"end":{"line":52,"column":null}},"25":{"start":{"line":54,"column":10},"end":{"line":54,"column":29}},"26":{"start":{"line":55,"column":10},"end":{"line":55,"column":46}},"27":{"start":{"line":60,"column":8},"end":{"line":66,"column":9}},"28":{"start":{"line":61,"column":10},"end":{"line":61,"column":null}},"29":{"start":{"line":62,"column":10},"end":{"line":62,"column":null}},"30":{"start":{"line":64,"column":10},"end":{"line":64,"column":29}},"31":{"start":{"line":65,"column":10},"end":{"line":65,"column":46}},"32":{"start":{"line":71,"column":0},"end":{"line":71,"column":30}}},"fnMap":{"0":{"name":"(anonymous_7)","decl":{"start":{"line":6,"column":4},"end":{"line":6,"column":16}},"loc":{"start":{"line":6,"column":52},"end":{"line":8,"column":5}}},"1":{"name":"(anonymous_8)","decl":{"start":{"line":10,"column":10},"end":{"line":10,"column":13}},"loc":{"start":{"line":10,"column":41},"end":{"line":24,"column":null}}},"2":{"name":"(anonymous_10)","decl":{"start":{"line":26,"column":12},"end":{"line":26,"column":19}},"loc":{"start":{"line":26,"column":48},"end":{"line":35,"column":null}}},"3":{"name":"(anonymous_12)","decl":{"start":{"line":37,"column":12},"end":{"line":37,"column":16}},"loc":{"start":{"line":37,"column":44},"end":{"line":46,"column":null}}},"4":{"name":"(anonymous_14)","decl":{"start":{"line":49,"column":12},"end":{"line":49,"column":15}},"loc":{"start":{"line":49,"column":43},"end":{"line":57,"column":null}}},"5":{"name":"(anonymous_16)","decl":{"start":{"line":59,"column":12},"end":{"line":59,"column":18}},"loc":{"start":{"line":59,"column":46},"end":{"line":67,"column":null}}}},"branchMap":{"0":{"loc":{"start":{"line":13,"column":10},"end":{"line":19,"column":11}},"type":"if","locations":[{"start":{"line":13,"column":10},"end":{"line":19,"column":11}},{"start":{"line":16,"column":17},"end":{"line":19,"column":11}}]}},"s":{"0":8,"1":4,"2":4,"3":4,"4":0,"5":0,"6":4,"7":4,"8":0,"9":0,"10":3,"11":3,"12":3,"13":3,"14":0,"15":0,"16":3,"17":3,"18":3,"19":3,"20":0,"21":0,"22":0,"23":0,"24":0,"25":0,"26":0,"27":2,"28":2,"29":2,"30":0,"31":0,"32":4},"f":{"0":8,"1":4,"2":3,"3":3,"4":0,"5":2},"b":{"0":[0,4]}}
,"C:\\Users\\Nikita\\Desktop\\SCE_FullStack_Project_Course\\sce_fullstack_2024\\src\\controllers\\post_controller.ts": {"path":"C:\\Users\\Nikita\\Desktop\\SCE_FullStack_Project_Course\\sce_fullstack_2024\\src\\controllers\\post_controller.ts","statementMap":{"0":{"start":{"line":1,"column":0},"end":{"line":1,"column":47}},"1":{"start":{"line":2,"column":0},"end":{"line":2,"column":51}},"2":{"start":{"line":7,"column":8},"end":{"line":7,"column":20}},"3":{"start":{"line":11,"column":8},"end":{"line":11,"column":48}},"4":{"start":{"line":12,"column":8},"end":{"line":12,"column":29}},"5":{"start":{"line":16,"column":19},"end":{"line":16,"column":63}},"6":{"start":{"line":17,"column":8},"end":{"line":17,"column":null}},"7":{"start":{"line":18,"column":8},"end":{"line":18,"column":null}},"8":{"start":{"line":19,"column":8},"end":{"line":19,"column":null}},"9":{"start":{"line":20,"column":8},"end":{"line":20,"column":29}},"10":{"start":{"line":24,"column":0},"end":{"line":24,"column":null}}},"fnMap":{"0":{"name":"(anonymous_8)","decl":{"start":{"line":6,"column":4},"end":{"line":6,"column":null}},"loc":{"start":{"line":6,"column":4},"end":{"line":8,"column":5}}},"1":{"name":"(anonymous_9)","decl":{"start":{"line":10,"column":10},"end":{"line":10,"column":14}},"loc":{"start":{"line":10,"column":42},"end":{"line":13,"column":null}}},"2":{"name":"(anonymous_12)","decl":{"start":{"line":15,"column":10},"end":{"line":15,"column":13}},"loc":{"start":{"line":15,"column":41},"end":{"line":21,"column":null}}}},"branchMap":{},"s":{"0":4,"1":4,"2":4,"3":1,"4":1,"5":1,"6":1,"7":1,"8":1,"9":1,"10":4},"f":{"0":4,"1":1,"2":1},"b":{}}
,"C:\\Users\\Nikita\\Desktop\\SCE_FullStack_Project_Course\\sce_fullstack_2024\\src\\controllers\\user_controller.ts": {"path":"C:\\Users\\Nikita\\Desktop\\SCE_FullStack_Project_Course\\sce_fullstack_2024\\src\\controllers\\user_controller.ts","statementMap":{"0":{"start":{"line":1,"column":0},"end":{"line":1,"column":51}},"1":{"start":{"line":3,"column":0},"end":{"line":3,"column":47}},"2":{"start":{"line":8,"column":8},"end":{"line":8,"column":20}},"3":{"start":{"line":12,"column":8},"end":{"line":24,"column":9}},"4":{"start":{"line":13,"column":23},"end":{"line":13,"column":67}},"5":{"start":{"line":14,"column":12},"end":{"line":14,"column":38}},"6":{"start":{"line":15,"column":12},"end":{"line":15,"column":40}},"7":{"start":{"line":16,"column":12},"end":{"line":16,"column":36}},"8":{"start":{"line":17,"column":12},"end":{"line":17,"column":42}},"9":{"start":{"line":18,"column":12},"end":{"line":18,"column":46}},"10":{"start":{"line":19,"column":12},"end":{"line":19,"column":28}},"11":{"start":{"line":20,"column":12},"end":{"line":20,"column":33}},"12":{"start":{"line":22,"column":12},"end":{"line":22,"column":null}},"13":{"start":{"line":23,"column":12},"end":{"line":23,"column":46}},"14":{"start":{"line":28,"column":0},"end":{"line":28,"column":null}}},"fnMap":{"0":{"name":"(anonymous_8)","decl":{"start":{"line":7,"column":4},"end":{"line":7,"column":null}},"loc":{"start":{"line":7,"column":4},"end":{"line":9,"column":5}}},"1":{"name":"(anonymous_9)","decl":{"start":{"line":11,"column":10},"end":{"line":11,"column":13}},"loc":{"start":{"line":11,"column":41},"end":{"line":25,"column":null}}}},"branchMap":{},"s":{"0":4,"1":4,"2":4,"3":1,"4":1,"5":1,"6":1,"7":1,"8":1,"9":1,"10":1,"11":1,"12":0,"13":0,"14":4},"f":{"0":4,"1":1},"b":{}}
,"C:\\Users\\Nikita\\Desktop\\SCE_FullStack_Project_Course\\sce_fullstack_2024\\src\\models\\post_model.ts": {"path":"C:\\Users\\Nikita\\Desktop\\SCE_FullStack_Project_Course\\sce_fullstack_2024\\src\\models\\post_model.ts","statementMap":{"0":{"start":{"line":1,"column":0},"end":{"line":1,"column":32}},"1":{"start":{"line":9,"column":20},"end":{"line":23,"column":2}},"2":{"start":{"line":24,"column":0},"end":{"line":24,"column":null}}},"fnMap":{},"branchMap":{},"s":{"0":4,"1":4,"2":4},"f":{},"b":{}}
,"C:\\Users\\Nikita\\Desktop\\SCE_FullStack_Project_Course\\sce_fullstack_2024\\src\\models\\user_model.ts": {"path":"C:\\Users\\Nikita\\Desktop\\SCE_FullStack_Project_Course\\sce_fullstack_2024\\src\\models\\user_model.ts","statementMap":{"0":{"start":{"line":1,"column":0},"end":{"line":1,"column":32}},"1":{"start":{"line":12,"column":20},"end":{"line":36,"column":2}},"2":{"start":{"line":37,"column":0},"end":{"line":37,"column":null}}},"fnMap":{},"branchMap":{},"s":{"0":4,"1":4,"2":4},"f":{},"b":{}}
,"C:\\Users\\Nikita\\Desktop\\SCE_FullStack_Project_Course\\sce_fullstack_2024\\src\\routes\\auth_route.ts": {"path":"C:\\Users\\Nikita\\Desktop\\SCE_FullStack_Project_Course\\sce_fullstack_2024\\src\\routes\\auth_route.ts","statementMap":{"0":{"start":{"line":1,"column":0},"end":{"line":1,"column":30}},"1":{"start":{"line":2,"column":15},"end":{"line":2,"column":31}},"2":{"start":{"line":3,"column":0},"end":{"line":3,"column":59}},"3":{"start":{"line":80,"column":0},"end":{"line":80,"column":50}},"4":{"start":{"line":101,"column":0},"end":{"line":101,"column":44}},"5":{"start":{"line":115,"column":0},"end":{"line":115,"column":46}},"6":{"start":{"line":133,"column":0},"end":{"line":133,"column":47}},"7":{"start":{"line":135,"column":0},"end":{"line":135,"column":22}}},"fnMap":{},"branchMap":{},"s":{"0":4,"1":4,"2":4,"3":4,"4":4,"5":4,"6":4,"7":4},"f":{},"b":{}}
,"C:\\Users\\Nikita\\Desktop\\SCE_FullStack_Project_Course\\sce_fullstack_2024\\src\\routes\\file_route.ts": {"path":"C:\\Users\\Nikita\\Desktop\\SCE_FullStack_Project_Course\\sce_fullstack_2024\\src\\routes\\file_route.ts","statementMap":{"0":{"start":{"line":1,"column":0},"end":{"line":1,"column":27}},"1":{"start":{"line":2,"column":0},"end":{"line":2,"column":30}},"2":{"start":{"line":3,"column":15},"end":{"line":3,"column":31}},"3":{"start":{"line":5,"column":13},"end":{"line":5,"column":41}},"4":{"start":{"line":7,"column":16},"end":{"line":14,"column":2}},"5":{"start":{"line":9,"column":8},"end":{"line":9,"column":null}},"6":{"start":{"line":12,"column":8},"end":{"line":12,"column":38}},"7":{"start":{"line":16,"column":15},"end":{"line":16,"column":43}},"8":{"start":{"line":17,"column":0},"end":{"line":20,"column":3}},"9":{"start":{"line":18,"column":4},"end":{"line":18,"column":null}},"10":{"start":{"line":19,"column":4},"end":{"line":19,"column":null}},"11":{"start":{"line":22,"column":0},"end":{"line":22,"column":null}}},"fnMap":{"0":{"name":"(anonymous_1)","decl":{"start":{"line":8,"column":17},"end":{"line":8,"column":27}},"loc":{"start":{"line":8,"column":40},"end":{"line":10,"column":5}}},"1":{"name":"(anonymous_2)","decl":{"start":{"line":11,"column":14},"end":{"line":11,"column":24}},"loc":{"start":{"line":11,"column":37},"end":{"line":13,"column":5}}},"2":{"name":"(anonymous_3)","decl":{"start":{"line":17,"column":44},"end":{"line":17,"column":54}},"loc":{"start":{"line":17,"column":62},"end":{"line":20,"column":1}}}},"branchMap":{},"s":{"0":4,"1":4,"2":4,"3":4,"4":4,"5":0,"6":0,"7":4,"8":4,"9":0,"10":0,"11":4},"f":{"0":0,"1":0,"2":0},"b":{}}
,"C:\\Users\\Nikita\\Desktop\\SCE_FullStack_Project_Course\\sce_fullstack_2024\\src\\routes\\post_route.ts": {"path":"C:\\Users\\Nikita\\Desktop\\SCE_FullStack_Project_Course\\sce_fullstack_2024\\src\\routes\\post_route.ts","statementMap":{"0":{"start":{"line":1,"column":0},"end":{"line":1,"column":30}},"1":{"start":{"line":2,"column":15},"end":{"line":2,"column":31}},"2":{"start":{"line":3,"column":0},"end":{"line":3,"column":60}},"3":{"start":{"line":4,"column":0},"end":{"line":4,"column":55}},"4":{"start":{"line":6,"column":0},"end":{"line":6,"column":72}},"5":{"start":{"line":8,"column":0},"end":{"line":8,"column":79}},"6":{"start":{"line":10,"column":0},"end":{"line":10,"column":74}},"7":{"start":{"line":12,"column":0},"end":{"line":12,"column":75}},"8":{"start":{"line":14,"column":0},"end":{"line":14,"column":81}},"9":{"start":{"line":16,"column":0},"end":{"line":16,"column":22}}},"fnMap":{},"branchMap":{},"s":{"0":4,"1":4,"2":4,"3":4,"4":4,"5":4,"6":4,"7":4,"8":4,"9":4},"f":{},"b":{}}
,"C:\\Users\\Nikita\\Desktop\\SCE_FullStack_Project_Course\\sce_fullstack_2024\\src\\routes\\user_route.ts": {"path":"C:\\Users\\Nikita\\Desktop\\SCE_FullStack_Project_Course\\sce_fullstack_2024\\src\\routes\\user_route.ts","statementMap":{"0":{"start":{"line":1,"column":0},"end":{"line":1,"column":30}},"1":{"start":{"line":2,"column":15},"end":{"line":2,"column":31}},"2":{"start":{"line":3,"column":0},"end":{"line":3,"column":60}},"3":{"start":{"line":4,"column":0},"end":{"line":4,"column":55}},"4":{"start":{"line":56,"column":0},"end":{"line":56,"column":74}},"5":{"start":{"line":81,"column":0},"end":{"line":81,"column":80}},"6":{"start":{"line":83,"column":0},"end":{"line":83,"column":75}},"7":{"start":{"line":85,"column":0},"end":{"line":85,"column":82}},"8":{"start":{"line":87,"column":0},"end":{"line":87,"column":22}}},"fnMap":{},"branchMap":{},"s":{"0":4,"1":4,"2":4,"3":4,"4":4,"5":4,"6":4,"7":4,"8":4},"f":{},"b":{}}
}
