{"C:\\Nikita\\SCE_FullStack_Project_Course\\sce_fullstack_2024\\src\\App.ts": {"path":"C:\\Nikita\\SCE_FullStack_Project_Course\\sce_fullstack_2024\\src\\App.ts","statementMap":{"0":{"start":{"line":1,"column":0},"end":{"line":1,"column":42}},"1":{"start":{"line":2,"column":12},"end":{"line":2,"column":21}},"2":{"start":{"line":3,"column":0},"end":{"line":3,"column":28}},"3":{"start":{"line":4,"column":0},"end":{"line":4,"column":16}},"4":{"start":{"line":5,"column":0},"end":{"line":5,"column":32}},"5":{"start":{"line":6,"column":0},"end":{"line":6,"column":44}},"6":{"start":{"line":7,"column":0},"end":{"line":7,"column":44}},"7":{"start":{"line":8,"column":0},"end":{"line":8,"column":37}},"8":{"start":{"line":9,"column":0},"end":{"line":9,"column":44}},"9":{"start":{"line":10,"column":0},"end":{"line":10,"column":44}},"10":{"start":{"line":12,"column":16},"end":{"line":30,"column":1}},"11":{"start":{"line":13,"column":18},"end":{"line":28,"column":4}},"12":{"start":{"line":14,"column":15},"end":{"line":14,"column":34}},"13":{"start":{"line":15,"column":4},"end":{"line":15,"column":46}},"14":{"start":{"line":15,"column":28},"end":{"line":15,"column":44}},"15":{"start":{"line":16,"column":4},"end":{"line":16,"column":61}},"16":{"start":{"line":16,"column":26},"end":{"line":16,"column":59}},"17":{"start":{"line":17,"column":4},"end":{"line":26,"column":7}},"18":{"start":{"line":18,"column":6},"end":{"line":18,"column":33}},"19":{"start":{"line":19,"column":6},"end":{"line":19,"column":57}},"20":{"start":{"line":20,"column":6},"end":{"line":20,"column":null}},"21":{"start":{"line":21,"column":6},"end":{"line":21,"column":34}},"22":{"start":{"line":22,"column":6},"end":{"line":22,"column":34}},"23":{"start":{"line":23,"column":6},"end":{"line":23,"column":34}},"24":{"start":{"line":24,"column":6},"end":{"line":24,"column":34}},"25":{"start":{"line":25,"column":6},"end":{"line":25,"column":19}},"26":{"start":{"line":29,"column":2},"end":{"line":29,"column":17}},"27":{"start":{"line":34,"column":0},"end":{"line":34,"column":23}}},"fnMap":{"0":{"name":"(anonymous_1)","decl":{"start":{"line":12,"column":16},"end":{"line":12,"column":19}},"loc":{"start":{"line":12,"column":21},"end":{"line":30,"column":1}}},"1":{"name":"(anonymous_2)","decl":{"start":{"line":13,"column":39},"end":{"line":13,"column":40}},"loc":{"start":{"line":13,"column":51},"end":{"line":28,"column":3}}},"2":{"name":"(anonymous_3)","decl":{"start":{"line":15,"column":19},"end":{"line":15,"column":20}},"loc":{"start":{"line":15,"column":28},"end":{"line":15,"column":44}}},"3":{"name":"(anonymous_4)","decl":{"start":{"line":16,"column":20},"end":{"line":16,"column":23}},"loc":{"start":{"line":16,"column":26},"end":{"line":16,"column":59}}},"4":{"name":"(anonymous_5)","decl":{"start":{"line":17,"column":52},"end":{"line":17,"column":55}},"loc":{"start":{"line":17,"column":57},"end":{"line":26,"column":5}}}},"branchMap":{},"s":{"0":4,"1":4,"2":4,"3":4,"4":4,"5":4,"6":4,"7":4,"8":4,"9":4,"10":4,"11":4,"12":4,"13":4,"14":0,"15":4,"16":4,"17":4,"18":4,"19":4,"20":4,"21":4,"22":4,"23":4,"24":4,"25":4,"26":4,"27":4},"f":{"0":4,"1":4,"2":0,"3":4,"4":4},"b":{}}
,"C:\\Nikita\\SCE_FullStack_Project_Course\\sce_fullstack_2024\\src\\common\\auth_middleware.ts": {"path":"C:\\Nikita\\SCE_FullStack_Project_Course\\sce_fullstack_2024\\src\\common\\auth_middleware.ts","statementMap":{"0":{"start":{"line":3,"column":0},"end":{"line":3,"column":31}},"1":{"start":{"line":6,"column":23},"end":{"line":23,"column":null}},"2":{"start":{"line":6,"column":80},"end":{"line":23,"column":null}},"3":{"start":{"line":8,"column":4},"end":{"line":8,"column":null}},"4":{"start":{"line":10,"column":23},"end":{"line":10,"column":51}},"5":{"start":{"line":11,"column":18},"end":{"line":11,"column":56}},"6":{"start":{"line":12,"column":4},"end":{"line":15,"column":5}},"7":{"start":{"line":14,"column":8},"end":{"line":14,"column":53}},"8":{"start":{"line":16,"column":4},"end":{"line":22,"column":7}},"9":{"start":{"line":16,"column":67},"end":{"line":22,"column":6}},"10":{"start":{"line":17,"column":8},"end":{"line":19,"column":9}},"11":{"start":{"line":18,"column":12},"end":{"line":18,"column":57}},"12":{"start":{"line":20,"column":8},"end":{"line":20,"column":29}},"13":{"start":{"line":21,"column":8},"end":{"line":21,"column":null}},"14":{"start":{"line":25,"column":0},"end":{"line":25,"column":null}}},"fnMap":{"0":{"name":"(anonymous_8)","decl":{"start":{"line":6,"column":23},"end":{"line":6,"column":29}},"loc":{"start":{"line":6,"column":80},"end":{"line":23,"column":null}}},"1":{"name":"(anonymous_9)","decl":{"start":{"line":6,"column":80},"end":{"line":6,"column":null}},"loc":{"start":{"line":6,"column":80},"end":{"line":23,"column":1}}},"2":{"name":"(anonymous_10)","decl":{"start":{"line":16,"column":48},"end":{"line":16,"column":54}},"loc":{"start":{"line":16,"column":67},"end":{"line":22,"column":6}}},"3":{"name":"(anonymous_11)","decl":{"start":{"line":16,"column":67},"end":{"line":16,"column":null}},"loc":{"start":{"line":16,"column":67},"end":{"line":22,"column":5}}}},"branchMap":{"0":{"loc":{"start":{"line":11,"column":18},"end":{"line":11,"column":56}},"type":"binary-expr","locations":[{"start":{"line":11,"column":18},"end":{"line":11,"column":28}},{"start":{"line":11,"column":32},"end":{"line":11,"column":56}}]},"1":{"loc":{"start":{"line":12,"column":4},"end":{"line":15,"column":5}},"type":"if","locations":[{"start":{"line":12,"column":4},"end":{"line":15,"column":5}}]},"2":{"loc":{"start":{"line":17,"column":8},"end":{"line":19,"column":9}},"type":"if","locations":[{"start":{"line":17,"column":8},"end":{"line":19,"column":9}}]}},"s":{"0":4,"1":4,"2":16,"3":16,"4":16,"5":16,"6":16,"7":0,"8":16,"9":16,"10":16,"11":3,"12":13,"13":13,"14":4},"f":{"0":16,"1":16,"2":16,"3":16},"b":{"0":[16,16],"1":[0],"2":[3]}}
,"C:\\Nikita\\SCE_FullStack_Project_Course\\sce_fullstack_2024\\src\\controllers\\auth_controller.ts": {"path":"C:\\Nikita\\SCE_FullStack_Project_Course\\sce_fullstack_2024\\src\\controllers\\auth_controller.ts","statementMap":{"0":{"start":{"line":2,"column":0},"end":{"line":2,"column":39}},"1":{"start":{"line":3,"column":0},"end":{"line":3,"column":27}},"2":{"start":{"line":4,"column":0},"end":{"line":4,"column":30}},"3":{"start":{"line":5,"column":0},"end":{"line":5,"column":50}},"4":{"start":{"line":6,"column":17},"end":{"line":38,"column":null}},"5":{"start":{"line":6,"column":55},"end":{"line":38,"column":null}},"6":{"start":{"line":8,"column":4},"end":{"line":8,"column":null}},"7":{"start":{"line":9,"column":18},"end":{"line":9,"column":32}},"8":{"start":{"line":10,"column":17},"end":{"line":10,"column":30}},"9":{"start":{"line":11,"column":16},"end":{"line":11,"column":28}},"10":{"start":{"line":12,"column":19},"end":{"line":12,"column":34}},"11":{"start":{"line":13,"column":21},"end":{"line":13,"column":38}},"12":{"start":{"line":14,"column":4},"end":{"line":17,"column":5}},"13":{"start":{"line":16,"column":8},"end":{"line":16,"column":null}},"14":{"start":{"line":18,"column":4},"end":{"line":37,"column":5}},"15":{"start":{"line":19,"column":21},"end":{"line":19,"column":55}},"16":{"start":{"line":20,"column":8},"end":{"line":23,"column":9}},"17":{"start":{"line":22,"column":12},"end":{"line":22,"column":null}},"18":{"start":{"line":24,"column":21},"end":{"line":24,"column":45}},"19":{"start":{"line":25,"column":31},"end":{"line":25,"column":64}},"20":{"start":{"line":26,"column":24},"end":{"line":32,"column":10}},"21":{"start":{"line":33,"column":8},"end":{"line":33,"column":null}},"22":{"start":{"line":35,"column":8},"end":{"line":35,"column":null}},"23":{"start":{"line":36,"column":8},"end":{"line":36,"column":null}},"24":{"start":{"line":40,"column":15},"end":{"line":40,"column":33}},"25":{"start":{"line":41,"column":21},"end":{"line":77,"column":null}},"26":{"start":{"line":41,"column":59},"end":{"line":77,"column":null}},"27":{"start":{"line":43,"column":23},"end":{"line":43,"column":42}},"28":{"start":{"line":44,"column":4},"end":{"line":44,"column":null}},"29":{"start":{"line":45,"column":4},"end":{"line":76,"column":5}},"30":{"start":{"line":46,"column":23},"end":{"line":49,"column":14}},"31":{"start":{"line":50,"column":24},"end":{"line":50,"column":43}},"32":{"start":{"line":51,"column":22},"end":{"line":51,"column":36}},"33":{"start":{"line":52,"column":8},"end":{"line":73,"column":9}},"34":{"start":{"line":53,"column":23},"end":{"line":53,"column":59}},"35":{"start":{"line":54,"column":12},"end":{"line":64,"column":13}},"36":{"start":{"line":55,"column":29},"end":{"line":55,"column":48}},"37":{"start":{"line":56,"column":31},"end":{"line":56,"column":47}},"38":{"start":{"line":57,"column":16},"end":{"line":63,"column":null}},"39":{"start":{"line":65,"column":48},"end":{"line":65,"column":83}},"40":{"start":{"line":66,"column":12},"end":{"line":70,"column":13}},"41":{"start":{"line":67,"column":16},"end":{"line":67,"column":null}},"42":{"start":{"line":69,"column":16},"end":{"line":69,"column":58}},"43":{"start":{"line":71,"column":12},"end":{"line":71,"column":null}},"44":{"start":{"line":72,"column":12},"end":{"line":72,"column":null}},"45":{"start":{"line":75,"column":8},"end":{"line":75,"column":null}},"46":{"start":{"line":79,"column":23},"end":{"line":86,"column":1}},"47":{"start":{"line":80,"column":18},"end":{"line":80,"column":110}},"48":{"start":{"line":81,"column":25},"end":{"line":81,"column":82}},"49":{"start":{"line":82,"column":4},"end":{"line":85,"column":null}},"50":{"start":{"line":88,"column":14},"end":{"line":121,"column":null}},"51":{"start":{"line":88,"column":52},"end":{"line":121,"column":null}},"52":{"start":{"line":90,"column":18},"end":{"line":90,"column":32}},"53":{"start":{"line":91,"column":21},"end":{"line":91,"column":38}},"54":{"start":{"line":92,"column":4},"end":{"line":95,"column":5}},"55":{"start":{"line":94,"column":8},"end":{"line":94,"column":null}},"56":{"start":{"line":98,"column":4},"end":{"line":120,"column":5}},"57":{"start":{"line":99,"column":21},"end":{"line":99,"column":55}},"58":{"start":{"line":100,"column":8},"end":{"line":103,"column":9}},"59":{"start":{"line":102,"column":12},"end":{"line":102,"column":null}},"60":{"start":{"line":104,"column":30},"end":{"line":104,"column":69}},"61":{"start":{"line":105,"column":8},"end":{"line":108,"column":9}},"62":{"start":{"line":107,"column":12},"end":{"line":107,"column":null}},"63":{"start":{"line":109,"column":44},"end":{"line":109,"column":79}},"64":{"start":{"line":110,"column":8},"end":{"line":114,"column":9}},"65":{"start":{"line":111,"column":12},"end":{"line":111,"column":null}},"66":{"start":{"line":113,"column":12},"end":{"line":113,"column":54}},"67":{"start":{"line":115,"column":8},"end":{"line":115,"column":null}},"68":{"start":{"line":116,"column":8},"end":{"line":116,"column":null}},"69":{"start":{"line":118,"column":8},"end":{"line":118,"column":null}},"70":{"start":{"line":119,"column":8},"end":{"line":119,"column":null}},"71":{"start":{"line":123,"column":15},"end":{"line":151,"column":null}},"72":{"start":{"line":123,"column":52},"end":{"line":151,"column":null}},"73":{"start":{"line":125,"column":23},"end":{"line":125,"column":51}},"74":{"start":{"line":126,"column":25},"end":{"line":126,"column":63}},"75":{"start":{"line":127,"column":4},"end":{"line":130,"column":5}},"76":{"start":{"line":129,"column":8},"end":{"line":129,"column":53}},"77":{"start":{"line":131,"column":4},"end":{"line":150,"column":7}},"78":{"start":{"line":131,"column":101},"end":{"line":150,"column":6}},"79":{"start":{"line":132,"column":8},"end":{"line":134,"column":9}},"80":{"start":{"line":133,"column":12},"end":{"line":133,"column":57}},"81":{"start":{"line":135,"column":8},"end":{"line":149,"column":9}},"82":{"start":{"line":136,"column":25},"end":{"line":136,"column":58}},"83":{"start":{"line":137,"column":12},"end":{"line":145,"column":13}},"84":{"start":{"line":138,"column":16},"end":{"line":138,"column":33}},"85":{"start":{"line":139,"column":16},"end":{"line":139,"column":34}},"86":{"start":{"line":140,"column":16},"end":{"line":140,"column":null}},"87":{"start":{"line":142,"column":16},"end":{"line":142,"column":82}},"88":{"start":{"line":142,"column":58},"end":{"line":142,"column":80}},"89":{"start":{"line":143,"column":16},"end":{"line":143,"column":null}},"90":{"start":{"line":144,"column":16},"end":{"line":144,"column":null}},"91":{"start":{"line":147,"column":12},"end":{"line":147,"column":31}},"92":{"start":{"line":148,"column":12},"end":{"line":148,"column":null}},"93":{"start":{"line":153,"column":16},"end":{"line":195,"column":null}},"94":{"start":{"line":153,"column":54},"end":{"line":195,"column":null}},"95":{"start":{"line":156,"column":23},"end":{"line":156,"column":51}},"96":{"start":{"line":157,"column":28},"end":{"line":157,"column":66}},"97":{"start":{"line":158,"column":4},"end":{"line":161,"column":5}},"98":{"start":{"line":160,"column":8},"end":{"line":160,"column":53}},"99":{"start":{"line":163,"column":4},"end":{"line":190,"column":7}},"100":{"start":{"line":163,"column":104},"end":{"line":190,"column":6}},"101":{"start":{"line":164,"column":8},"end":{"line":166,"column":9}},"102":{"start":{"line":165,"column":12},"end":{"line":165,"column":50}},"103":{"start":{"line":167,"column":8},"end":{"line":189,"column":9}},"104":{"start":{"line":168,"column":25},"end":{"line":168,"column":58}},"105":{"start":{"line":169,"column":12},"end":{"line":175,"column":13}},"106":{"start":{"line":170,"column":16},"end":{"line":173,"column":17}},"107":{"start":{"line":171,"column":20},"end":{"line":171,"column":37}},"108":{"start":{"line":172,"column":20},"end":{"line":172,"column":38}},"109":{"start":{"line":174,"column":16},"end":{"line":174,"column":61}},"110":{"start":{"line":177,"column":48},"end":{"line":177,"column":83}},"111":{"start":{"line":180,"column":12},"end":{"line":180,"column":81}},"112":{"start":{"line":180,"column":54},"end":{"line":180,"column":79}},"113":{"start":{"line":181,"column":12},"end":{"line":181,"column":null}},"114":{"start":{"line":182,"column":12},"end":{"line":182,"column":null}},"115":{"start":{"line":185,"column":12},"end":{"line":185,"column":null}},"116":{"start":{"line":187,"column":12},"end":{"line":187,"column":31}},"117":{"start":{"line":188,"column":12},"end":{"line":188,"column":null}},"118":{"start":{"line":197,"column":0},"end":{"line":203,"column":null}}},"fnMap":{"0":{"name":"(anonymous_8)","decl":{"start":{"line":6,"column":17},"end":{"line":6,"column":24}},"loc":{"start":{"line":6,"column":55},"end":{"line":38,"column":null}}},"1":{"name":"(anonymous_9)","decl":{"start":{"line":6,"column":55},"end":{"line":6,"column":null}},"loc":{"start":{"line":6,"column":55},"end":{"line":38,"column":1}}},"2":{"name":"(anonymous_10)","decl":{"start":{"line":41,"column":21},"end":{"line":41,"column":28}},"loc":{"start":{"line":41,"column":59},"end":{"line":77,"column":null}}},"3":{"name":"(anonymous_11)","decl":{"start":{"line":41,"column":59},"end":{"line":41,"column":null}},"loc":{"start":{"line":41,"column":59},"end":{"line":77,"column":1}}},"4":{"name":"(anonymous_12)","decl":{"start":{"line":79,"column":23},"end":{"line":79,"column":24}},"loc":{"start":{"line":79,"column":86},"end":{"line":86,"column":1}}},"5":{"name":"(anonymous_13)","decl":{"start":{"line":88,"column":14},"end":{"line":88,"column":21}},"loc":{"start":{"line":88,"column":52},"end":{"line":121,"column":null}}},"6":{"name":"(anonymous_14)","decl":{"start":{"line":88,"column":52},"end":{"line":88,"column":null}},"loc":{"start":{"line":88,"column":52},"end":{"line":121,"column":1}}},"7":{"name":"(anonymous_15)","decl":{"start":{"line":123,"column":15},"end":{"line":123,"column":21}},"loc":{"start":{"line":123,"column":52},"end":{"line":151,"column":null}}},"8":{"name":"(anonymous_16)","decl":{"start":{"line":123,"column":52},"end":{"line":123,"column":null}},"loc":{"start":{"line":123,"column":52},"end":{"line":151,"column":1}}},"9":{"name":"(anonymous_17)","decl":{"start":{"line":131,"column":63},"end":{"line":131,"column":69}},"loc":{"start":{"line":131,"column":101},"end":{"line":150,"column":6}}},"10":{"name":"(anonymous_18)","decl":{"start":{"line":131,"column":101},"end":{"line":131,"column":null}},"loc":{"start":{"line":131,"column":101},"end":{"line":150,"column":5}}},"11":{"name":"(anonymous_19)","decl":{"start":{"line":142,"column":49},"end":{"line":142,"column":54}},"loc":{"start":{"line":142,"column":58},"end":{"line":142,"column":80}}},"12":{"name":"(anonymous_20)","decl":{"start":{"line":153,"column":16},"end":{"line":153,"column":23}},"loc":{"start":{"line":153,"column":54},"end":{"line":195,"column":null}}},"13":{"name":"(anonymous_21)","decl":{"start":{"line":153,"column":54},"end":{"line":153,"column":null}},"loc":{"start":{"line":153,"column":54},"end":{"line":195,"column":1}}},"14":{"name":"(anonymous_22)","decl":{"start":{"line":163,"column":66},"end":{"line":163,"column":72}},"loc":{"start":{"line":163,"column":104},"end":{"line":190,"column":6}}},"15":{"name":"(anonymous_23)","decl":{"start":{"line":163,"column":104},"end":{"line":163,"column":null}},"loc":{"start":{"line":163,"column":104},"end":{"line":190,"column":5}}},"16":{"name":"(anonymous_24)","decl":{"start":{"line":180,"column":45},"end":{"line":180,"column":50}},"loc":{"start":{"line":180,"column":54},"end":{"line":180,"column":79}}}},"branchMap":{"0":{"loc":{"start":{"line":14,"column":4},"end":{"line":17,"column":5}},"type":"if","locations":[{"start":{"line":14,"column":4},"end":{"line":17,"column":5}}]},"1":{"loc":{"start":{"line":14,"column":7},"end":{"line":14,"column":40}},"type":"binary-expr","locations":[{"start":{"line":14,"column":7},"end":{"line":14,"column":20}},{"start":{"line":14,"column":24},"end":{"line":14,"column":40}}]},"2":{"loc":{"start":{"line":20,"column":8},"end":{"line":23,"column":9}},"type":"if","locations":[{"start":{"line":20,"column":8},"end":{"line":23,"column":9}}]},"3":{"loc":{"start":{"line":51,"column":22},"end":{"line":51,"column":36}},"type":"cond-expr","locations":[{"start":{"line":51,"column":29},"end":{"line":51,"column":31}},{"start":{"line":51,"column":22},"end":{"line":51,"column":36}}]},"4":{"loc":{"start":{"line":51,"column":22},"end":{"line":51,"column":31}},"type":"binary-expr","locations":[{"start":{"line":51,"column":22},"end":{"line":51,"column":31}},{"start":{"line":51,"column":22},"end":{"line":51,"column":31}}]},"5":{"loc":{"start":{"line":52,"column":8},"end":{"line":73,"column":9}},"type":"if","locations":[{"start":{"line":52,"column":8},"end":{"line":73,"column":9}}]},"6":{"loc":{"start":{"line":54,"column":12},"end":{"line":64,"column":13}},"type":"if","locations":[{"start":{"line":54,"column":12},"end":{"line":64,"column":13}}]},"7":{"loc":{"start":{"line":55,"column":29},"end":{"line":55,"column":48}},"type":"cond-expr","locations":[{"start":{"line":55,"column":36},"end":{"line":55,"column":38}},{"start":{"line":55,"column":29},"end":{"line":55,"column":48}}]},"8":{"loc":{"start":{"line":55,"column":29},"end":{"line":55,"column":38}},"type":"binary-expr","locations":[{"start":{"line":55,"column":29},"end":{"line":55,"column":38}},{"start":{"line":55,"column":29},"end":{"line":55,"column":38}}]},"9":{"loc":{"start":{"line":56,"column":31},"end":{"line":56,"column":47}},"type":"cond-expr","locations":[{"start":{"line":56,"column":38},"end":{"line":56,"column":40}},{"start":{"line":56,"column":31},"end":{"line":56,"column":47}}]},"10":{"loc":{"start":{"line":56,"column":31},"end":{"line":56,"column":40}},"type":"binary-expr","locations":[{"start":{"line":56,"column":31},"end":{"line":56,"column":40}},{"start":{"line":56,"column":31},"end":{"line":56,"column":40}}]},"11":{"loc":{"start":{"line":66,"column":12},"end":{"line":70,"column":13}},"type":"if","locations":[{"start":{"line":66,"column":12},"end":{"line":70,"column":13}},{"start":{"line":68,"column":18},"end":{"line":70,"column":13}}]},"12":{"loc":{"start":{"line":92,"column":4},"end":{"line":95,"column":5}},"type":"if","locations":[{"start":{"line":92,"column":4},"end":{"line":95,"column":5}}]},"13":{"loc":{"start":{"line":92,"column":7},"end":{"line":92,"column":40}},"type":"binary-expr","locations":[{"start":{"line":92,"column":7},"end":{"line":92,"column":20}},{"start":{"line":92,"column":24},"end":{"line":92,"column":40}}]},"14":{"loc":{"start":{"line":100,"column":8},"end":{"line":103,"column":9}},"type":"if","locations":[{"start":{"line":100,"column":8},"end":{"line":103,"column":9}}]},"15":{"loc":{"start":{"line":105,"column":8},"end":{"line":108,"column":9}},"type":"if","locations":[{"start":{"line":105,"column":8},"end":{"line":108,"column":9}}]},"16":{"loc":{"start":{"line":110,"column":8},"end":{"line":114,"column":9}},"type":"if","locations":[{"start":{"line":110,"column":8},"end":{"line":114,"column":9}},{"start":{"line":112,"column":14},"end":{"line":114,"column":9}}]},"17":{"loc":{"start":{"line":126,"column":25},"end":{"line":126,"column":63}},"type":"binary-expr","locations":[{"start":{"line":126,"column":25},"end":{"line":126,"column":35}},{"start":{"line":126,"column":39},"end":{"line":126,"column":63}}]},"18":{"loc":{"start":{"line":127,"column":4},"end":{"line":130,"column":5}},"type":"if","locations":[{"start":{"line":127,"column":4},"end":{"line":130,"column":5}}]},"19":{"loc":{"start":{"line":132,"column":8},"end":{"line":134,"column":9}},"type":"if","locations":[{"start":{"line":132,"column":8},"end":{"line":134,"column":9}}]},"20":{"loc":{"start":{"line":137,"column":12},"end":{"line":145,"column":13}},"type":"if","locations":[{"start":{"line":137,"column":12},"end":{"line":145,"column":13}},{"start":{"line":141,"column":17},"end":{"line":145,"column":13}}]},"21":{"loc":{"start":{"line":137,"column":16},"end":{"line":137,"column":75}},"type":"binary-expr","locations":[{"start":{"line":137,"column":16},"end":{"line":137,"column":36}},{"start":{"line":137,"column":40},"end":{"line":137,"column":75}}]},"22":{"loc":{"start":{"line":157,"column":28},"end":{"line":157,"column":66}},"type":"binary-expr","locations":[{"start":{"line":157,"column":28},"end":{"line":157,"column":38}},{"start":{"line":157,"column":42},"end":{"line":157,"column":66}}]},"23":{"loc":{"start":{"line":158,"column":4},"end":{"line":161,"column":5}},"type":"if","locations":[{"start":{"line":158,"column":4},"end":{"line":161,"column":5}}]},"24":{"loc":{"start":{"line":164,"column":8},"end":{"line":166,"column":9}},"type":"if","locations":[{"start":{"line":164,"column":8},"end":{"line":166,"column":9}}]},"25":{"loc":{"start":{"line":169,"column":12},"end":{"line":175,"column":13}},"type":"if","locations":[{"start":{"line":169,"column":12},"end":{"line":175,"column":13}}]},"26":{"loc":{"start":{"line":169,"column":16},"end":{"line":169,"column":93}},"type":"binary-expr","locations":[{"start":{"line":169,"column":16},"end":{"line":169,"column":28}},{"start":{"line":169,"column":32},"end":{"line":169,"column":51}},{"start":{"line":169,"column":55},"end":{"line":169,"column":93}}]},"27":{"loc":{"start":{"line":170,"column":16},"end":{"line":173,"column":17}},"type":"if","locations":[{"start":{"line":170,"column":16},"end":{"line":173,"column":17}}]}},"s":{"0":4,"1":4,"2":4,"3":4,"4":4,"5":3,"6":3,"7":3,"8":3,"9":3,"10":3,"11":3,"12":3,"13":0,"14":3,"15":3,"16":3,"17":1,"18":2,"19":2,"20":2,"21":2,"22":0,"23":0,"24":4,"25":4,"26":0,"27":0,"28":0,"29":0,"30":0,"31":0,"32":0,"33":0,"34":0,"35":0,"36":0,"37":0,"38":0,"39":0,"40":0,"41":0,"42":0,"43":0,"44":0,"45":0,"46":4,"47":8,"48":8,"49":8,"50":4,"51":5,"52":5,"53":5,"54":5,"55":0,"56":5,"57":5,"58":5,"59":0,"60":5,"61":5,"62":0,"63":5,"64":5,"65":4,"66":1,"67":5,"68":5,"69":0,"70":0,"71":4,"72":2,"73":2,"74":2,"75":2,"76":0,"77":2,"78":2,"79":2,"80":0,"81":2,"82":2,"83":2,"84":1,"85":1,"86":1,"87":1,"88":1,"89":1,"90":1,"91":0,"92":0,"93":4,"94":5,"95":5,"96":5,"97":5,"98":0,"99":5,"100":5,"101":5,"102":0,"103":5,"104":5,"105":5,"106":2,"107":2,"108":2,"109":2,"110":3,"111":3,"112":4,"113":3,"114":3,"115":3,"116":0,"117":0,"118":4},"f":{"0":3,"1":3,"2":0,"3":0,"4":8,"5":5,"6":5,"7":2,"8":2,"9":2,"10":2,"11":1,"12":5,"13":5,"14":5,"15":5,"16":4},"b":{"0":[0],"1":[3,3],"2":[1],"3":[0,0],"4":[0,0],"5":[0],"6":[0],"7":[0,0],"8":[0,0],"9":[0,0],"10":[0,0],"11":[0,0],"12":[0],"13":[5,5],"14":[0],"15":[0],"16":[4,1],"17":[2,2],"18":[0],"19":[0],"20":[1,1],"21":[2,2],"22":[5,5],"23":[0],"24":[0],"25":[2],"26":[5,5,5],"27":[2]}}
,"C:\\Nikita\\SCE_FullStack_Project_Course\\sce_fullstack_2024\\src\\controllers\\base_controller.ts": {"path":"C:\\Nikita\\SCE_FullStack_Project_Course\\sce_fullstack_2024\\src\\controllers\\base_controller.ts","statementMap":{"0":{"start":{"line":7,"column":8},"end":{"line":7,"column":null}},"1":{"start":{"line":11,"column":8},"end":{"line":11,"column":27}},"2":{"start":{"line":12,"column":8},"end":{"line":23,"column":9}},"3":{"start":{"line":13,"column":10},"end":{"line":19,"column":11}},"4":{"start":{"line":14,"column":25},"end":{"line":14,"column":76}},"5":{"start":{"line":15,"column":12},"end":{"line":15,"column":46}},"6":{"start":{"line":17,"column":25},"end":{"line":17,"column":52}},"7":{"start":{"line":18,"column":12},"end":{"line":18,"column":46}},"8":{"start":{"line":21,"column":10},"end":{"line":21,"column":29}},"9":{"start":{"line":22,"column":10},"end":{"line":22,"column":46}},"10":{"start":{"line":27,"column":8},"end":{"line":27,"column":32}},"11":{"start":{"line":28,"column":8},"end":{"line":34,"column":9}},"12":{"start":{"line":29,"column":23},"end":{"line":29,"column":67}},"13":{"start":{"line":30,"column":10},"end":{"line":30,"column":44}},"14":{"start":{"line":32,"column":10},"end":{"line":32,"column":29}},"15":{"start":{"line":33,"column":10},"end":{"line":33,"column":46}},"16":{"start":{"line":38,"column":8},"end":{"line":44,"column":9}},"17":{"start":{"line":39,"column":23},"end":{"line":39,"column":60}},"18":{"start":{"line":40,"column":10},"end":{"line":40,"column":37}},"19":{"start":{"line":42,"column":10},"end":{"line":42,"column":29}},"20":{"start":{"line":43,"column":10},"end":{"line":43,"column":46}},"21":{"start":{"line":49,"column":8},"end":{"line":55,"column":9}},"22":{"start":{"line":50,"column":10},"end":{"line":50,"column":null}},"23":{"start":{"line":51,"column":10},"end":{"line":51,"column":null}},"24":{"start":{"line":53,"column":10},"end":{"line":53,"column":29}},"25":{"start":{"line":54,"column":10},"end":{"line":54,"column":46}},"26":{"start":{"line":59,"column":8},"end":{"line":65,"column":9}},"27":{"start":{"line":60,"column":10},"end":{"line":60,"column":null}},"28":{"start":{"line":61,"column":10},"end":{"line":61,"column":null}},"29":{"start":{"line":63,"column":10},"end":{"line":63,"column":29}},"30":{"start":{"line":64,"column":10},"end":{"line":64,"column":46}},"31":{"start":{"line":70,"column":0},"end":{"line":70,"column":30}}},"fnMap":{"0":{"name":"(anonymous_7)","decl":{"start":{"line":6,"column":4},"end":{"line":6,"column":16}},"loc":{"start":{"line":6,"column":52},"end":{"line":8,"column":5}}},"1":{"name":"(anonymous_8)","decl":{"start":{"line":10,"column":10},"end":{"line":10,"column":13}},"loc":{"start":{"line":10,"column":41},"end":{"line":24,"column":null}}},"2":{"name":"(anonymous_10)","decl":{"start":{"line":26,"column":12},"end":{"line":26,"column":19}},"loc":{"start":{"line":26,"column":48},"end":{"line":35,"column":null}}},"3":{"name":"(anonymous_12)","decl":{"start":{"line":37,"column":12},"end":{"line":37,"column":16}},"loc":{"start":{"line":37,"column":44},"end":{"line":45,"column":null}}},"4":{"name":"(anonymous_14)","decl":{"start":{"line":48,"column":12},"end":{"line":48,"column":15}},"loc":{"start":{"line":48,"column":43},"end":{"line":56,"column":null}}},"5":{"name":"(anonymous_16)","decl":{"start":{"line":58,"column":12},"end":{"line":58,"column":18}},"loc":{"start":{"line":58,"column":46},"end":{"line":66,"column":null}}}},"branchMap":{"0":{"loc":{"start":{"line":13,"column":10},"end":{"line":19,"column":11}},"type":"if","locations":[{"start":{"line":13,"column":10},"end":{"line":19,"column":11}},{"start":{"line":16,"column":17},"end":{"line":19,"column":11}}]}},"s":{"0":8,"1":5,"2":5,"3":5,"4":0,"5":0,"6":5,"7":5,"8":0,"9":0,"10":3,"11":3,"12":3,"13":3,"14":0,"15":0,"16":3,"17":3,"18":3,"19":0,"20":0,"21":0,"22":0,"23":0,"24":0,"25":0,"26":2,"27":2,"28":2,"29":0,"30":0,"31":4},"f":{"0":8,"1":5,"2":3,"3":3,"4":0,"5":2},"b":{"0":[0,5]}}
,"C:\\Nikita\\SCE_FullStack_Project_Course\\sce_fullstack_2024\\src\\controllers\\post_controller.ts": {"path":"C:\\Nikita\\SCE_FullStack_Project_Course\\sce_fullstack_2024\\src\\controllers\\post_controller.ts","statementMap":{"0":{"start":{"line":1,"column":0},"end":{"line":1,"column":47}},"1":{"start":{"line":2,"column":0},"end":{"line":2,"column":51}},"2":{"start":{"line":7,"column":8},"end":{"line":7,"column":20}},"3":{"start":{"line":11,"column":8},"end":{"line":11,"column":48}},"4":{"start":{"line":12,"column":8},"end":{"line":12,"column":29}},"5":{"start":{"line":16,"column":19},"end":{"line":16,"column":63}},"6":{"start":{"line":17,"column":8},"end":{"line":17,"column":null}},"7":{"start":{"line":18,"column":8},"end":{"line":18,"column":null}},"8":{"start":{"line":19,"column":8},"end":{"line":19,"column":null}},"9":{"start":{"line":20,"column":8},"end":{"line":20,"column":null}},"10":{"start":{"line":21,"column":8},"end":{"line":21,"column":29}},"11":{"start":{"line":25,"column":0},"end":{"line":25,"column":null}}},"fnMap":{"0":{"name":"(anonymous_8)","decl":{"start":{"line":6,"column":4},"end":{"line":6,"column":null}},"loc":{"start":{"line":6,"column":4},"end":{"line":8,"column":5}}},"1":{"name":"(anonymous_9)","decl":{"start":{"line":10,"column":10},"end":{"line":10,"column":14}},"loc":{"start":{"line":10,"column":42},"end":{"line":13,"column":null}}},"2":{"name":"(anonymous_12)","decl":{"start":{"line":15,"column":10},"end":{"line":15,"column":13}},"loc":{"start":{"line":15,"column":41},"end":{"line":22,"column":null}}}},"branchMap":{},"s":{"0":4,"1":4,"2":4,"3":1,"4":1,"5":1,"6":1,"7":1,"8":1,"9":1,"10":1,"11":4},"f":{"0":4,"1":1,"2":1},"b":{}}
,"C:\\Nikita\\SCE_FullStack_Project_Course\\sce_fullstack_2024\\src\\controllers\\user_controller.ts": {"path":"C:\\Nikita\\SCE_FullStack_Project_Course\\sce_fullstack_2024\\src\\controllers\\user_controller.ts","statementMap":{"0":{"start":{"line":1,"column":0},"end":{"line":1,"column":51}},"1":{"start":{"line":3,"column":0},"end":{"line":3,"column":47}},"2":{"start":{"line":9,"column":8},"end":{"line":9,"column":20}},"3":{"start":{"line":13,"column":8},"end":{"line":24,"column":9}},"4":{"start":{"line":14,"column":23},"end":{"line":14,"column":67}},"5":{"start":{"line":15,"column":12},"end":{"line":15,"column":38}},"6":{"start":{"line":16,"column":12},"end":{"line":16,"column":40}},"7":{"start":{"line":17,"column":12},"end":{"line":17,"column":36}},"8":{"start":{"line":18,"column":12},"end":{"line":18,"column":42}},"9":{"start":{"line":19,"column":12},"end":{"line":19,"column":28}},"10":{"start":{"line":20,"column":12},"end":{"line":20,"column":33}},"11":{"start":{"line":22,"column":12},"end":{"line":22,"column":null}},"12":{"start":{"line":23,"column":12},"end":{"line":23,"column":46}},"13":{"start":{"line":28,"column":0},"end":{"line":28,"column":null}}},"fnMap":{"0":{"name":"(anonymous_8)","decl":{"start":{"line":8,"column":4},"end":{"line":8,"column":null}},"loc":{"start":{"line":8,"column":4},"end":{"line":10,"column":5}}},"1":{"name":"(anonymous_9)","decl":{"start":{"line":12,"column":10},"end":{"line":12,"column":13}},"loc":{"start":{"line":12,"column":41},"end":{"line":25,"column":null}}}},"branchMap":{},"s":{"0":4,"1":4,"2":4,"3":1,"4":1,"5":1,"6":1,"7":1,"8":1,"9":1,"10":1,"11":0,"12":0,"13":4},"f":{"0":4,"1":1},"b":{}}
,"C:\\Nikita\\SCE_FullStack_Project_Course\\sce_fullstack_2024\\src\\models\\post_model.ts": {"path":"C:\\Nikita\\SCE_FullStack_Project_Course\\sce_fullstack_2024\\src\\models\\post_model.ts","statementMap":{"0":{"start":{"line":1,"column":0},"end":{"line":1,"column":32}},"1":{"start":{"line":10,"column":20},"end":{"line":28,"column":2}},"2":{"start":{"line":29,"column":0},"end":{"line":29,"column":null}}},"fnMap":{},"branchMap":{},"s":{"0":4,"1":4,"2":4},"f":{},"b":{}}
,"C:\\Nikita\\SCE_FullStack_Project_Course\\sce_fullstack_2024\\src\\models\\user_model.ts": {"path":"C:\\Nikita\\SCE_FullStack_Project_Course\\sce_fullstack_2024\\src\\models\\user_model.ts","statementMap":{"0":{"start":{"line":1,"column":0},"end":{"line":1,"column":32}},"1":{"start":{"line":12,"column":20},"end":{"line":36,"column":2}},"2":{"start":{"line":37,"column":0},"end":{"line":37,"column":null}}},"fnMap":{},"branchMap":{},"s":{"0":4,"1":4,"2":4},"f":{},"b":{}}
,"C:\\Nikita\\SCE_FullStack_Project_Course\\sce_fullstack_2024\\src\\routes\\auth_route.ts": {"path":"C:\\Nikita\\SCE_FullStack_Project_Course\\sce_fullstack_2024\\src\\routes\\auth_route.ts","statementMap":{"0":{"start":{"line":1,"column":0},"end":{"line":1,"column":30}},"1":{"start":{"line":2,"column":15},"end":{"line":2,"column":31}},"2":{"start":{"line":3,"column":0},"end":{"line":3,"column":59}},"3":{"start":{"line":80,"column":0},"end":{"line":80,"column":50}},"4":{"start":{"line":82,"column":0},"end":{"line":82,"column":52}},"5":{"start":{"line":103,"column":0},"end":{"line":103,"column":44}},"6":{"start":{"line":117,"column":0},"end":{"line":117,"column":46}},"7":{"start":{"line":135,"column":0},"end":{"line":135,"column":47}},"8":{"start":{"line":137,"column":0},"end":{"line":137,"column":22}}},"fnMap":{},"branchMap":{},"s":{"0":4,"1":4,"2":4,"3":4,"4":4,"5":4,"6":4,"7":4,"8":4},"f":{},"b":{}}
,"C:\\Nikita\\SCE_FullStack_Project_Course\\sce_fullstack_2024\\src\\routes\\file_route.ts": {"path":"C:\\Nikita\\SCE_FullStack_Project_Course\\sce_fullstack_2024\\src\\routes\\file_route.ts","statementMap":{"0":{"start":{"line":1,"column":0},"end":{"line":1,"column":27}},"1":{"start":{"line":2,"column":0},"end":{"line":2,"column":30}},"2":{"start":{"line":3,"column":15},"end":{"line":3,"column":31}},"3":{"start":{"line":5,"column":13},"end":{"line":5,"column":41}},"4":{"start":{"line":7,"column":16},"end":{"line":14,"column":2}},"5":{"start":{"line":9,"column":8},"end":{"line":9,"column":null}},"6":{"start":{"line":12,"column":8},"end":{"line":12,"column":38}},"7":{"start":{"line":16,"column":15},"end":{"line":16,"column":43}},"8":{"start":{"line":17,"column":0},"end":{"line":20,"column":3}},"9":{"start":{"line":18,"column":4},"end":{"line":18,"column":null}},"10":{"start":{"line":19,"column":4},"end":{"line":19,"column":null}},"11":{"start":{"line":22,"column":0},"end":{"line":22,"column":null}}},"fnMap":{"0":{"name":"(anonymous_1)","decl":{"start":{"line":8,"column":17},"end":{"line":8,"column":27}},"loc":{"start":{"line":8,"column":40},"end":{"line":10,"column":5}}},"1":{"name":"(anonymous_2)","decl":{"start":{"line":11,"column":14},"end":{"line":11,"column":24}},"loc":{"start":{"line":11,"column":37},"end":{"line":13,"column":5}}},"2":{"name":"(anonymous_3)","decl":{"start":{"line":17,"column":44},"end":{"line":17,"column":54}},"loc":{"start":{"line":17,"column":62},"end":{"line":20,"column":1}}}},"branchMap":{},"s":{"0":4,"1":4,"2":4,"3":4,"4":4,"5":0,"6":0,"7":4,"8":4,"9":0,"10":0,"11":4},"f":{"0":0,"1":0,"2":0},"b":{}}
,"C:\\Nikita\\SCE_FullStack_Project_Course\\sce_fullstack_2024\\src\\routes\\post_route.ts": {"path":"C:\\Nikita\\SCE_FullStack_Project_Course\\sce_fullstack_2024\\src\\routes\\post_route.ts","statementMap":{"0":{"start":{"line":1,"column":0},"end":{"line":1,"column":30}},"1":{"start":{"line":2,"column":15},"end":{"line":2,"column":31}},"2":{"start":{"line":3,"column":0},"end":{"line":3,"column":60}},"3":{"start":{"line":4,"column":0},"end":{"line":4,"column":55}},"4":{"start":{"line":61,"column":0},"end":{"line":61,"column":72}},"5":{"start":{"line":87,"column":0},"end":{"line":87,"column":79}},"6":{"start":{"line":111,"column":0},"end":{"line":111,"column":74}},"7":{"start":{"line":143,"column":0},"end":{"line":143,"column":75}},"8":{"start":{"line":165,"column":0},"end":{"line":165,"column":81}},"9":{"start":{"line":167,"column":0},"end":{"line":167,"column":22}}},"fnMap":{},"branchMap":{},"s":{"0":4,"1":4,"2":4,"3":4,"4":4,"5":4,"6":4,"7":4,"8":4,"9":4},"f":{},"b":{}}
,"C:\\Nikita\\SCE_FullStack_Project_Course\\sce_fullstack_2024\\src\\routes\\user_route.ts": {"path":"C:\\Nikita\\SCE_FullStack_Project_Course\\sce_fullstack_2024\\src\\routes\\user_route.ts","statementMap":{"0":{"start":{"line":1,"column":0},"end":{"line":1,"column":30}},"1":{"start":{"line":2,"column":15},"end":{"line":2,"column":31}},"2":{"start":{"line":3,"column":0},"end":{"line":3,"column":60}},"3":{"start":{"line":4,"column":0},"end":{"line":4,"column":55}},"4":{"start":{"line":66,"column":0},"end":{"line":66,"column":74}},"5":{"start":{"line":91,"column":0},"end":{"line":91,"column":80}},"6":{"start":{"line":122,"column":0},"end":{"line":122,"column":75}},"7":{"start":{"line":143,"column":0},"end":{"line":143,"column":82}},"8":{"start":{"line":145,"column":0},"end":{"line":145,"column":22}}},"fnMap":{},"branchMap":{},"s":{"0":4,"1":4,"2":4,"3":4,"4":4,"5":4,"6":4,"7":4,"8":4},"f":{},"b":{}}
}
