TN:
SF:src\App.ts
FN:12,(anonymous_1)
FN:13,(anonymous_2)
FN:15,(anonymous_3)
FN:16,(anonymous_4)
FN:17,(anonymous_5)
FNF:5
FNH:4
FNDA:4,(anonymous_1)
FNDA:4,(anonymous_2)
FNDA:0,(anonymous_3)
FNDA:4,(anonymous_4)
FNDA:4,(anonymous_5)
DA:1,4
DA:2,4
DA:3,4
DA:4,4
DA:5,4
DA:6,4
DA:7,4
DA:8,4
DA:9,4
DA:10,4
DA:12,4
DA:13,4
DA:14,4
DA:15,4
DA:16,4
DA:17,4
DA:18,4
DA:19,4
DA:20,4
DA:21,4
DA:22,4
DA:23,4
DA:24,4
DA:25,4
DA:29,4
DA:34,4
LF:26
LH:26
BRF:0
BRH:0
end_of_record
TN:
SF:src\common\auth_middleware.ts
FN:4,(anonymous_8)
FN:4,(anonymous_9)
FN:14,(anonymous_10)
FNF:3
FNH:3
FNDA:16,(anonymous_8)
FNDA:16,(anonymous_9)
FNDA:16,(anonymous_10)
DA:2,4
DA:4,16
DA:6,16
DA:8,16
DA:9,16
DA:10,16
DA:12,0
DA:14,16
DA:15,16
DA:16,3
DA:18,13
DA:19,13
DA:23,4
LF:13
LH:12
BRDA:9,0,0,16
BRDA:9,0,1,16
BRDA:10,1,0,0
BRDA:15,2,0,3
BRF:4
BRH:3
end_of_record
TN:
SF:src\controllers\auth_controller.ts
FN:5,(anonymous_8)
FN:5,(anonymous_9)
FN:39,(anonymous_10)
FN:48,(anonymous_11)
FN:48,(anonymous_12)
FN:83,(anonymous_13)
FN:88,(anonymous_14)
FN:88,(anonymous_15)
FN:98,(anonymous_16)
FN:98,(anonymous_17)
FN:115,(anonymous_18)
FNF:11
FNH:10
FNDA:3,(anonymous_8)
FNDA:3,(anonymous_9)
FNDA:7,(anonymous_10)
FNDA:4,(anonymous_11)
FNDA:4,(anonymous_12)
FNDA:0,(anonymous_13)
FNDA:5,(anonymous_14)
FNDA:5,(anonymous_15)
FNDA:5,(anonymous_16)
FNDA:5,(anonymous_17)
FNDA:5,(anonymous_18)
DA:2,4
DA:3,4
DA:4,4
DA:5,4
DA:7,3
DA:8,3
DA:9,3
DA:10,3
DA:11,3
DA:12,3
DA:13,3
DA:15,0
DA:17,3
DA:18,3
DA:19,3
DA:21,2
DA:23,1
DA:24,1
DA:25,1
DA:32,1
DA:34,0
DA:35,0
DA:39,4
DA:40,7
DA:41,7
DA:42,7
DA:48,4
DA:50,4
DA:51,4
DA:52,4
DA:54,0
DA:58,4
DA:59,4
DA:60,4
DA:62,0
DA:64,4
DA:65,4
DA:67,0
DA:69,4
DA:70,4
DA:71,0
DA:73,4
DA:75,4
DA:76,4
DA:78,0
DA:79,0
DA:83,4
DA:85,0
DA:88,5
DA:91,5
DA:92,5
DA:93,5
DA:95,0
DA:98,5
DA:99,5
DA:100,0
DA:102,5
DA:103,5
DA:104,5
DA:105,2
DA:106,2
DA:107,2
DA:109,2
DA:112,3
DA:115,5
DA:116,3
DA:117,3
DA:120,3
DA:122,0
DA:123,0
DA:132,4
LF:71
LH:57
BRDA:13,0,0,0
BRDA:13,1,0,3
BRDA:13,1,1,3
BRDA:19,2,0,2
BRDA:52,3,0,0
BRDA:52,4,0,4
BRDA:52,4,1,4
BRDA:60,5,0,0
BRDA:65,6,0,0
BRDA:70,7,0,0
BRDA:70,7,1,4
BRDA:92,8,0,5
BRDA:92,8,1,5
BRDA:93,9,0,0
BRDA:99,10,0,0
BRDA:104,11,0,2
BRDA:104,12,0,5
BRDA:104,12,1,5
BRDA:104,12,2,5
BRDA:105,13,0,2
BRF:20
BRH:13
end_of_record
TN:
SF:src\controllers\base_controller.ts
FN:6,(anonymous_7)
FN:10,(anonymous_8)
FN:26,(anonymous_10)
FN:37,(anonymous_12)
FN:49,(anonymous_14)
FN:59,(anonymous_16)
FNF:6
FNH:5
FNDA:8,(anonymous_7)
FNDA:5,(anonymous_8)
FNDA:3,(anonymous_10)
FNDA:3,(anonymous_12)
FNDA:0,(anonymous_14)
FNDA:2,(anonymous_16)
DA:7,8
DA:11,5
DA:12,5
DA:13,5
DA:14,0
DA:15,0
DA:17,5
DA:18,5
DA:21,0
DA:22,0
DA:27,3
DA:28,3
DA:29,3
DA:30,3
DA:32,0
DA:33,0
DA:38,3
DA:39,3
DA:40,3
DA:41,3
DA:43,0
DA:44,0
DA:50,0
DA:51,0
DA:52,0
DA:54,0
DA:55,0
DA:60,2
DA:61,2
DA:62,2
DA:64,0
DA:65,0
DA:71,4
LF:33
LH:18
BRDA:13,0,0,0
BRDA:13,0,1,5
BRF:2
BRH:1
end_of_record
TN:
SF:src\controllers\post_controller.ts
FN:6,(anonymous_8)
FN:10,(anonymous_9)
FN:15,(anonymous_12)
FNF:3
FNH:3
FNDA:4,(anonymous_8)
FNDA:1,(anonymous_9)
FNDA:1,(anonymous_12)
DA:1,4
DA:2,4
DA:7,4
DA:11,1
DA:12,1
DA:16,1
DA:17,1
DA:18,1
DA:19,1
DA:20,1
DA:21,1
DA:25,4
LF:12
LH:12
BRF:0
BRH:0
end_of_record
TN:
SF:src\controllers\user_controller.ts
FN:7,(anonymous_8)
FN:11,(anonymous_9)
FNF:2
FNH:2
FNDA:4,(anonymous_8)
FNDA:1,(anonymous_9)
DA:1,4
DA:3,4
DA:8,4
DA:12,1
DA:13,1
DA:14,1
DA:15,1
DA:16,1
DA:17,1
DA:18,1
DA:19,1
DA:20,1
DA:22,0
DA:23,0
DA:28,4
LF:15
LH:13
BRF:0
BRH:0
end_of_record
TN:
SF:src\models\post_model.ts
FNF:0
FNH:0
DA:1,4
DA:10,4
DA:29,4
LF:3
LH:3
BRF:0
BRH:0
end_of_record
TN:
SF:src\models\user_model.ts
FNF:0
FNH:0
DA:1,4
DA:12,4
DA:37,4
LF:3
LH:3
BRF:0
BRH:0
end_of_record
TN:
SF:src\routes\auth_route.ts
FNF:0
FNH:0
DA:1,4
DA:2,4
DA:3,4
DA:80,4
DA:101,4
DA:115,4
DA:133,4
DA:135,4
LF:8
LH:8
BRF:0
BRH:0
end_of_record
TN:
SF:src\routes\file_route.ts
FN:8,(anonymous_1)
FN:11,(anonymous_2)
FN:17,(anonymous_3)
FNF:3
FNH:0
FNDA:0,(anonymous_1)
FNDA:0,(anonymous_2)
FNDA:0,(anonymous_3)
DA:1,4
DA:2,4
DA:3,4
DA:5,4
DA:7,4
DA:9,0
DA:12,0
DA:16,4
DA:17,4
DA:18,0
DA:19,0
DA:22,4
LF:12
LH:8
BRF:0
BRH:0
end_of_record
TN:
SF:src\routes\post_route.ts
FNF:0
FNH:0
DA:1,4
DA:2,4
DA:3,4
DA:4,4
DA:6,4
DA:8,4
DA:10,4
DA:12,4
DA:14,4
DA:16,4
LF:10
LH:10
BRF:0
BRH:0
end_of_record
TN:
SF:src\routes\user_route.ts
FNF:0
FNH:0
DA:1,4
DA:2,4
DA:3,4
DA:4,4
DA:66,4
DA:91,4
DA:116,4
DA:141,4
DA:143,4
LF:9
LH:9
BRF:0
BRH:0
end_of_record
