TN:
SF:src\App.ts
FN:12,(anonymous_1)
FN:13,(anonymous_2)
FN:15,(anonymous_3)
FN:16,(anonymous_4)
FN:17,(anonymous_5)
FNF:5
FNH:4
FNDA:4,(anonymous_1)
FNDA:4,(anonymous_2)
FNDA:0,(anonymous_3)
FNDA:4,(anonymous_4)
FNDA:4,(anonymous_5)
DA:1,4
DA:2,4
DA:3,4
DA:4,4
DA:5,4
DA:6,4
DA:7,4
DA:8,4
DA:9,4
DA:10,4
DA:12,4
DA:13,4
DA:14,4
DA:15,4
DA:16,4
DA:17,4
DA:18,4
DA:19,4
DA:20,4
DA:21,4
DA:22,4
DA:23,4
DA:24,4
DA:25,4
DA:29,4
DA:34,4
LF:26
LH:26
BRF:0
BRH:0
end_of_record
TN:
SF:src\common\auth_middleware.ts
FN:6,(anonymous_8)
FN:6,(anonymous_9)
FN:16,(anonymous_10)
FN:16,(anonymous_11)
FNF:4
FNH:4
FNDA:16,(anonymous_8)
FNDA:16,(anonymous_9)
FNDA:16,(anonymous_10)
FNDA:16,(anonymous_11)
DA:3,4
DA:6,16
DA:8,16
DA:10,16
DA:11,16
DA:12,16
DA:14,0
DA:16,16
DA:17,16
DA:18,3
DA:20,13
DA:21,13
DA:25,4
LF:13
LH:12
BRDA:11,0,0,16
BRDA:11,0,1,16
BRDA:12,1,0,0
BRDA:17,2,0,3
BRF:4
BRH:3
end_of_record
TN:
SF:src\controllers\auth_controller.ts
FN:6,(anonymous_8)
FN:6,(anonymous_9)
FN:41,(anonymous_10)
FN:41,(anonymous_11)
FN:79,(anonymous_12)
FN:88,(anonymous_13)
FN:88,(anonymous_14)
FN:123,(anonymous_15)
FN:123,(anonymous_16)
FN:131,(anonymous_17)
FN:131,(anonymous_18)
FN:142,(anonymous_19)
FN:153,(anonymous_20)
FN:153,(anonymous_21)
FN:163,(anonymous_22)
FN:163,(anonymous_23)
FN:180,(anonymous_24)
FNF:17
FNH:15
FNDA:3,(anonymous_8)
FNDA:3,(anonymous_9)
FNDA:0,(anonymous_10)
FNDA:0,(anonymous_11)
FNDA:8,(anonymous_12)
FNDA:5,(anonymous_13)
FNDA:5,(anonymous_14)
FNDA:2,(anonymous_15)
FNDA:2,(anonymous_16)
FNDA:2,(anonymous_17)
FNDA:2,(anonymous_18)
FNDA:1,(anonymous_19)
FNDA:5,(anonymous_20)
FNDA:5,(anonymous_21)
FNDA:5,(anonymous_22)
FNDA:5,(anonymous_23)
FNDA:4,(anonymous_24)
DA:2,4
DA:3,4
DA:4,4
DA:5,4
DA:6,4
DA:8,3
DA:9,3
DA:10,3
DA:11,3
DA:12,3
DA:13,3
DA:14,3
DA:16,0
DA:18,3
DA:19,3
DA:20,3
DA:22,1
DA:24,2
DA:25,2
DA:26,2
DA:33,2
DA:35,0
DA:36,0
DA:40,4
DA:41,4
DA:43,0
DA:44,0
DA:45,0
DA:46,0
DA:50,0
DA:51,0
DA:52,0
DA:53,0
DA:54,0
DA:55,0
DA:56,0
DA:57,0
DA:65,0
DA:66,0
DA:67,0
DA:69,0
DA:71,0
DA:72,0
DA:75,0
DA:79,4
DA:80,8
DA:81,8
DA:82,8
DA:88,5
DA:90,5
DA:91,5
DA:92,5
DA:94,0
DA:98,5
DA:99,5
DA:100,5
DA:102,0
DA:104,5
DA:105,5
DA:107,0
DA:109,5
DA:110,5
DA:111,4
DA:113,1
DA:115,5
DA:116,5
DA:118,0
DA:119,0
DA:123,4
DA:125,2
DA:126,2
DA:127,2
DA:129,0
DA:131,2
DA:132,2
DA:133,0
DA:135,2
DA:136,2
DA:137,2
DA:138,1
DA:139,1
DA:140,1
DA:142,1
DA:143,1
DA:144,1
DA:147,0
DA:148,0
DA:153,5
DA:156,5
DA:157,5
DA:158,5
DA:160,0
DA:163,5
DA:164,5
DA:165,0
DA:167,5
DA:168,5
DA:169,5
DA:170,2
DA:171,2
DA:172,2
DA:174,2
DA:177,3
DA:180,4
DA:181,3
DA:182,3
DA:185,3
DA:187,0
DA:188,0
DA:197,4
LF:110
LH:75
BRDA:14,0,0,0
BRDA:14,1,0,3
BRDA:14,1,1,3
BRDA:20,2,0,1
BRDA:51,3,0,0
BRDA:51,3,1,0
BRDA:51,4,0,0
BRDA:51,4,1,0
BRDA:52,5,0,0
BRDA:54,6,0,0
BRDA:55,7,0,0
BRDA:55,7,1,0
BRDA:55,8,0,0
BRDA:55,8,1,0
BRDA:56,9,0,0
BRDA:56,9,1,0
BRDA:56,10,0,0
BRDA:56,10,1,0
BRDA:66,11,0,0
BRDA:66,11,1,0
BRDA:92,12,0,0
BRDA:92,13,0,5
BRDA:92,13,1,5
BRDA:100,14,0,0
BRDA:105,15,0,0
BRDA:110,16,0,4
BRDA:110,16,1,1
BRDA:126,17,0,2
BRDA:126,17,1,2
BRDA:127,18,0,0
BRDA:132,19,0,0
BRDA:137,20,0,1
BRDA:137,20,1,1
BRDA:137,21,0,2
BRDA:137,21,1,2
BRDA:157,22,0,5
BRDA:157,22,1,5
BRDA:158,23,0,0
BRDA:164,24,0,0
BRDA:169,25,0,2
BRDA:169,26,0,5
BRDA:169,26,1,5
BRDA:169,26,2,5
BRDA:170,27,0,2
BRF:44
BRH:20
end_of_record
TN:
SF:src\controllers\base_controller.ts
FN:6,(anonymous_7)
FN:10,(anonymous_8)
FN:26,(anonymous_10)
FN:37,(anonymous_12)
FN:48,(anonymous_14)
FN:58,(anonymous_16)
FNF:6
FNH:5
FNDA:8,(anonymous_7)
FNDA:5,(anonymous_8)
FNDA:3,(anonymous_10)
FNDA:3,(anonymous_12)
FNDA:0,(anonymous_14)
FNDA:2,(anonymous_16)
DA:7,8
DA:11,5
DA:12,5
DA:13,5
DA:14,0
DA:15,0
DA:17,5
DA:18,5
DA:21,0
DA:22,0
DA:27,3
DA:28,3
DA:29,3
DA:30,3
DA:32,0
DA:33,0
DA:38,3
DA:39,3
DA:40,3
DA:42,0
DA:43,0
DA:49,0
DA:50,0
DA:51,0
DA:53,0
DA:54,0
DA:59,2
DA:60,2
DA:61,2
DA:63,0
DA:64,0
DA:70,4
LF:32
LH:17
BRDA:13,0,0,0
BRDA:13,0,1,5
BRF:2
BRH:1
end_of_record
TN:
SF:src\controllers\post_controller.ts
FN:6,(anonymous_8)
FN:10,(anonymous_9)
FN:15,(anonymous_12)
FNF:3
FNH:3
FNDA:4,(anonymous_8)
FNDA:1,(anonymous_9)
FNDA:1,(anonymous_12)
DA:1,4
DA:2,4
DA:7,4
DA:11,1
DA:12,1
DA:16,1
DA:17,1
DA:18,1
DA:19,1
DA:20,1
DA:21,1
DA:25,4
LF:12
LH:12
BRF:0
BRH:0
end_of_record
TN:
SF:src\controllers\user_controller.ts
FN:8,(anonymous_8)
FN:12,(anonymous_9)
FNF:2
FNH:2
FNDA:4,(anonymous_8)
FNDA:1,(anonymous_9)
DA:1,4
DA:3,4
DA:9,4
DA:13,1
DA:14,1
DA:15,1
DA:16,1
DA:17,1
DA:18,1
DA:19,1
DA:20,1
DA:22,0
DA:23,0
DA:28,4
LF:14
LH:12
BRF:0
BRH:0
end_of_record
TN:
SF:src\models\post_model.ts
FNF:0
FNH:0
DA:1,4
DA:10,4
DA:29,4
LF:3
LH:3
BRF:0
BRH:0
end_of_record
TN:
SF:src\models\user_model.ts
FNF:0
FNH:0
DA:1,4
DA:12,4
DA:37,4
LF:3
LH:3
BRF:0
BRH:0
end_of_record
TN:
SF:src\routes\auth_route.ts
FNF:0
FNH:0
DA:1,4
DA:2,4
DA:3,4
DA:80,4
DA:82,4
DA:103,4
DA:117,4
DA:135,4
DA:137,4
LF:9
LH:9
BRF:0
BRH:0
end_of_record
TN:
SF:src\routes\file_route.ts
FN:8,(anonymous_1)
FN:11,(anonymous_2)
FN:17,(anonymous_3)
FNF:3
FNH:0
FNDA:0,(anonymous_1)
FNDA:0,(anonymous_2)
FNDA:0,(anonymous_3)
DA:1,4
DA:2,4
DA:3,4
DA:5,4
DA:7,4
DA:9,0
DA:12,0
DA:16,4
DA:17,4
DA:18,0
DA:19,0
DA:22,4
LF:12
LH:8
BRF:0
BRH:0
end_of_record
TN:
SF:src\routes\post_route.ts
FNF:0
FNH:0
DA:1,4
DA:2,4
DA:3,4
DA:4,4
DA:61,4
DA:87,4
DA:111,4
DA:143,4
DA:165,4
DA:167,4
LF:10
LH:10
BRF:0
BRH:0
end_of_record
TN:
SF:src\routes\user_route.ts
FNF:0
FNH:0
DA:1,4
DA:2,4
DA:3,4
DA:4,4
DA:66,4
DA:91,4
DA:122,4
DA:143,4
DA:145,4
LF:9
LH:9
BRF:0
BRH:0
end_of_record
